<?xml version="1.0" encoding="UTF-8"?>
<!-- Generated by org.testng.reporters.JUnitReportReporter -->
<testsuite hostname="DESKTOP-RVEV7EN" failures="0" tests="1" name="testing.servertest.AppTest" time="0.024" errors="0" timestamp="23 Nov 2023 09:39:25 GMT" skipped="0">
  <testcase classname="testing.servertest.AppTest" name="shouldAnswerWithTrue" time="0.024"/>
</testsuite> <!-- testing.servertest.AppTest -->
