<?xml version="1.0" encoding="UTF-8"?>
<!-- Generated by org.testng.reporters.JUnitReportReporter -->
<testsuite hostname="DESKTOP-RVEV7EN" failures="0" tests="1" name="testing.servertest.AppTest" time="0.021" errors="0" timestamp="08 Dec 2023 11:04:02 GMT" skipped="0">
  <testcase classname="testing.servertest.AppTest" name="shouldAnswerWithTrue" time="0.021"/>
</testsuite> <!-- testing.servertest.AppTest -->
